<?xml version="1.0" encoding="UTF-8"?>
<testng-results ignored="0" total="1" passed="1" failed="0" skipped="0">
  <reporter-output>
  </reporter-output>
  <suite started-at="2024-08-30T15:02:55 IST" name="Default suite" finished-at="2024-08-30T15:02:58 IST" duration-ms="3238">
    <groups>
    </groups>
    <test started-at="2024-08-30T15:02:55 IST" name="Default test" finished-at="2024-08-30T15:02:58 IST" duration-ms="3238">
      <class name="mockingsolution.PaymentTest">
        <test-method signature="sampleTest()[pri:0, instance:mockingsolution.PaymentTest@2fb3536e]" started-at="2024-08-30T15:02:55 IST" name="sampleTest" finished-at="2024-08-30T15:02:58 IST" duration-ms="3169" status="PASS">
          <reporter-output>
          </reporter-output>
        </test-method> <!-- sampleTest -->
      </class> <!-- mockingsolution.PaymentTest -->
    </test> <!-- Default test -->
  </suite> <!-- Default suite -->
</testng-results>
